ON map01 FOR 50 GAME:
DETAILS GAMES:
GAME 1     P1: ycucchi.filler 0 VS 295 P2: carli
GAME 2     P1: carli 288 VS 51 P2: ycucchi.filler
GAME 3     P1: ycucchi.filler 269 VS 60 P2: carli
GAME 4     P1: carli 106 VS 109 P2: ycucchi.filler
GAME 5     P1: ycucchi.filler 100 VS 97 P2: carli
GAME 6     P1: carli 127 VS 62 P2: ycucchi.filler
GAME 7     P1: ycucchi.filler 263 VS 78 P2: carli
GAME 8     P1: carli 320 VS 20 P2: ycucchi.filler
GAME 9     P1: ycucchi.filler 261 VS 62 P2: carli
GAME 10     P1: carli 93 VS 243 P2: ycucchi.filler
GAME 11     P1: ycucchi.filler 224 VS 110 P2: carli
GAME 12     P1: carli 0 VS 355 P2: ycucchi.filler
GAME 13     P1: ycucchi.filler 258 VS 90 P2: carli
GAME 14     P1: carli 0 VS 351 P2: ycucchi.filler
GAME 15     P1: ycucchi.filler 0 VS 6 P2: carli
GAME 16     P1: carli 133 VS 230 P2: ycucchi.filler
GAME 17     P1: ycucchi.filler 247 VS 88 P2: carli
GAME 18     P1: carli 100 VS 230 P2: ycucchi.filler
GAME 19     P1: ycucchi.filler 223 VS 88 P2: carli
GAME 20     P1: carli 181 VS 149 P2: ycucchi.filler
GAME 21     P1: ycucchi.filler 212 VS 63 P2: carli
GAME 22     P1: carli 0 VS 330 P2: ycucchi.filler
GAME 23     P1: ycucchi.filler 243 VS 104 P2: carli
GAME 24     P1: carli 138 VS 184 P2: ycucchi.filler
GAME 25     P1: ycucchi.filler 0 VS 344 P2: carli
GAME 26     P1: carli 102 VS 243 P2: ycucchi.filler
GAME 27     P1: ycucchi.filler 300 VS 0 P2: carli
GAME 28     P1: carli 169 VS 178 P2: ycucchi.filler
GAME 29     P1: ycucchi.filler 1 VS 353 P2: carli
GAME 30     P1: carli 124 VS 206 P2: ycucchi.filler
GAME 31     P1: ycucchi.filler 282 VS 81 P2: carli
GAME 32     P1: carli 123 VS 176 P2: ycucchi.filler
GAME 33     P1: ycucchi.filler 254 VS 52 P2: carli
GAME 34     P1: carli 138 VS 209 P2: ycucchi.filler
GAME 35     P1: ycucchi.filler 238 VS 105 P2: carli
GAME 36     P1: carli 2 VS 333 P2: ycucchi.filler
GAME 37     P1: ycucchi.filler 229 VS 88 P2: carli
GAME 38     P1: carli 326 VS 6 P2: ycucchi.filler
GAME 39     P1: ycucchi.filler 315 VS 42 P2: carli
GAME 40     P1: carli 63 VS 135 P2: ycucchi.filler
GAME 41     P1: ycucchi.filler 1 VS 271 P2: carli
GAME 42     P1: carli 226 VS 105 P2: ycucchi.filler
GAME 43     P1: ycucchi.filler 256 VS 104 P2: carli
GAME 44     P1: carli 96 VS 261 P2: ycucchi.filler
GAME 45     P1: ycucchi.filler 228 VS 98 P2: carli
GAME 46     P1: carli 223 VS 100 P2: ycucchi.filler
GAME 47     P1: ycucchi.filler 334 VS 7 P2: carli
GAME 48     P1: carli 2 VS 327 P2: ycucchi.filler
GAME 49     P1: ycucchi.filler 222 VS 63 P2: carli
GAME 50     P1: carli 195 VS 125 P2: ycucchi.filler
---------------------------------------------------
PLAYER              |    %v   |    victory - game |
--------------------------------------------------
ycucchi.filler     |    74%    |       37 - 50   |
--------------------------------------------------
carli               |   26%  |           13 - 50   |
--------------------------------------------------


ON map01 FOR 10 GAME:
DETAILS GAMES:
GAME 1     P1: ycucchi.filler 234 VS 6 P2: carli
GAME 2     P1: carli 3 VS 334 P2: ycucchi.filler
GAME 3     P1: ycucchi.filler 265 VS 89 P2: carli
GAME 4     P1: carli 139 VS 157 P2: ycucchi.filler
GAME 5     P1: ycucchi.filler 271 VS 77 P2: carli
GAME 6     P1: carli 145 VS 115 P2: ycucchi.filler
GAME 7     P1: ycucchi.filler 247 VS 96 P2: carli
GAME 8     P1: carli 123 VS 203 P2: ycucchi.filler
GAME 9     P1: ycucchi.filler 228 VS 97 P2: carli
GAME 10     P1: carli 116 VS 233 P2: ycucchi.filler
---------------------------------------------------
PLAYER              |    %v   |    victory - game |
--------------------------------------------------
ycucchi.filler     |    90%    |       9 - 10   |
--------------------------------------------------
carli               |   10%  |           1 - 10   |
--------------------------------------------------


ON map01 FOR 10 GAME:
DETAILS GAMES:
GAME 1     P1: ycucchi.filler 222 VS 114 P2: carli
GAME 2     P1: carli 130 VS 160 P2: ycucchi.filler
GAME 3     P1: ycucchi.filler 235 VS 127 P2: carli
GAME 4     P1: carli 1 VS 4 P2: ycucchi.filler
GAME 5     P1: ycucchi.filler  VS  P2: carli
GAME 6     P1: carli 86 VS 85 P2: ycucchi.filler
GAME 7     P1: ycucchi.filler  VS  P2: carli
GAME 8     P1: carli  VS  P2: ycucchi.filler
GAME 9     P1: ycucchi.filler  VS  P2: carli
GAME 10     P1: carli 86 VS 85 P2: ycucchi.filler
---------------------------------------------------
PLAYER              |    %v   |    victory - game |
--------------------------------------------------
ycucchi.filler     |    40%    |       4 - 10   |
--------------------------------------------------
carli               |   20%  |           2 - 10   |
--------------------------------------------------


